<?xml version="1.0" encoding="UTF-8"?>
<!-- Generated by org.testng.reporters.JUnitXMLReporter -->
<testsuite ignored="0" hostname="Somashekars-iMac.local" failures="0" tests="3" name="Selenium Seesions of Nucot" time="28.933" errors="0" timestamp="2023-05-27T20:15:03 IST">
  <testcase classname="testngconcept.LoginpageValidations" name="loginAppPageTest" time="1.09"/>
  <testcase classname="testngconcept.LoginpageValidations" name="pageTileValidation" time="0.058"/>
  <testcase classname="testngconcept.LoginpageValidations" name="selectCheckBox" time="0.555"/>
</testsuite> <!-- Selenium Seesions of Nucot -->
