<?xml version="1.0" encoding="UTF-8"?>
<!-- Generated by org.testng.reporters.JUnitXMLReporter -->
<testsuite ignored="0" hostname="Somashekars-iMac.local" failures="0" tests="3" name="demonopcommerce" time="30.173" errors="0" timestamp="2023-05-28T08:46:50 IST">
  <testcase classname="testngconcept.LoginpageValidations" name="loginAppPageTest" time="1.069"/>
  <testcase classname="testngconcept.LoginpageValidations" name="pageTileValidation" time="0.055"/>
  <testcase classname="testngconcept.LoginpageValidations" name="selectCheckBox" time="0.603"/>
</testsuite> <!-- demonopcommerce -->
