<?xml version="1.0" encoding="UTF-8"?>
<!-- Generated by org.testng.reporters.JUnitXMLReporter -->
<testsuite ignored="0" hostname="Somashekars-iMac.local" failures="0" tests="3" name="HRM Application Nucot" time="63.87" errors="0" timestamp="2023-05-29T07:19:47 IST">
  <testcase classname="runningdifferent.RegressionSuiteConcept" name="userLoginTest" time="8.366"/>
  <testcase classname="runningdifferent.RegressionSuiteConcept" name="getTitlePage" time="2.547"/>
  <testcase classname="runningdifferent.RegressionSuiteConcept" name="getCurrentUrlPage" time="2.46"/>
</testsuite> <!-- HRM Application Nucot -->
