<?xml version="1.0" encoding="UTF-8"?>
<!-- Generated by org.testng.reporters.JUnitXMLReporter -->
<testsuite ignored="0" hostname="Somashekars-iMac.local" failures="0" tests="3" name="pixabay" time="37.677" errors="0" timestamp="2023-05-28T08:47:28 IST">
  <testcase classname="testngconcept.DataproviderConcept1" name="loginTestWithDetails" time="17.94"/>
  <testcase classname="testngconcept.DataproviderConcept1" name="loginTestWithDetails" time="0.813"/>
  <testcase classname="testngconcept.DataproviderConcept1" name="loginTestWithDetails" time="0.488"/>
</testsuite> <!-- pixabay -->
