<?xml version="1.0" encoding="UTF-8"?>
<!-- Generated by org.testng.reporters.JUnitXMLReporter -->
<testsuite ignored="0" hostname="Somashekars-iMac.local" failures="0" tests="3" name="SalesForce Application Nucot" time="57.227" errors="0" timestamp="2023-05-29T07:20:45 IST">
  <testcase classname="runningdifferent.SmokeTestConcept" name="userLoginTest" time="11.753"/>
  <testcase classname="runningdifferent.SmokeTestConcept" name="getTitlePage" time="2.376"/>
  <testcase classname="runningdifferent.SmokeTestConcept" name="getCurrentUrlPage" time="2.612"/>
</testsuite> <!-- SalesForce Application Nucot -->
