<?xml version="1.0" encoding="UTF-8"?>
<testng-results ignored="0" total="1" passed="1" failed="0" skipped="0">
  <reporter-output>
  </reporter-output>
  <suite started-at="2023-06-10T07:26:01 IST" name="Default suite" finished-at="2023-06-10T07:26:14 IST" duration-ms="12683">
    <groups>
    </groups>
    <test started-at="2023-06-10T07:26:01 IST" name="Default test" finished-at="2023-06-10T07:26:14 IST" duration-ms="12683">
      <class name="ProperDemo.BaseTest">
        <test-method signature="appSetUp()[pri:0, instance:ProperDemo.BaseTest@3d6f0054]" started-at="2023-06-10T07:26:01 IST" name="appSetUp" finished-at="2023-06-10T07:26:14 IST" duration-ms="12657" status="PASS">
          <reporter-output>
          </reporter-output>
        </test-method> <!-- appSetUp -->
      </class> <!-- ProperDemo.BaseTest -->
    </test> <!-- Default test -->
  </suite> <!-- Default suite -->
</testng-results>
